  pch.cpp
  GamePlayState.cpp
  GameStateManager.cpp
c:\users\scorp\documents\sae\pooii\git\projectshooter\projectshooter\platform.h : warning C4821: Unable to determine Unicode encoding type, please save the file with signature (BOM)
c:\users\scorp\documents\sae\pooii\git\projectshooter\projectshooter\platform.h : warning C4821: Unable to determine Unicode encoding type, please save the file with signature (BOM)
c:\users\scorp\documents\sae\pooii\git\projectshooter\projectshooter\platformsdl.h(3): fatal error C1083: Cannot open include file: 'SDL.h': No such file or directory
  Log.cpp
  MenuState.cpp
  Platform.cpp
c:\users\scorp\documents\sae\pooii\git\projectshooter\projectshooter\platform.h : warning C4821: Unable to determine Unicode encoding type, please save the file with signature (BOM)
c:\users\scorp\documents\sae\pooii\git\projectshooter\projectshooter\platform.cpp(4): error C2653: 'Platform': is not a class or namespace name
c:\users\scorp\documents\sae\pooii\git\projectshooter\projectshooter\platform.cpp(6): error C2065: 'width': undeclared identifier
c:\users\scorp\documents\sae\pooii\git\projectshooter\projectshooter\platform.cpp(9): error C2653: 'Platform': is not a class or namespace name
c:\users\scorp\documents\sae\pooii\git\projectshooter\projectshooter\platform.cpp(11): error C2065: 'width': undeclared identifier
c:\users\scorp\documents\sae\pooii\git\projectshooter\projectshooter\platform.cpp(15): error C2653: 'Platform': is not a class or namespace name
c:\users\scorp\documents\sae\pooii\git\projectshooter\projectshooter\platform.cpp(17): error C2065: 'height': undeclared identifier
c:\users\scorp\documents\sae\pooii\git\projectshooter\projectshooter\platform.cpp(20): error C2653: 'Platform': is not a class or namespace name
c:\users\scorp\documents\sae\pooii\git\projectshooter\projectshooter\platform.cpp(22): error C2065: 'height': undeclared identifier
c:\users\scorp\documents\sae\pooii\git\projectshooter\projectshooter\platform.cpp(26): error C2039: 'string': is not a member of 'std'
  c:\users\scorp\documents\sae\pooii\git\projectshooter\projectshooter\predefined c++ types (compiler internal)(257): note: see declaration of 'std'
c:\users\scorp\documents\sae\pooii\git\projectshooter\projectshooter\platform.cpp(26): error C2653: 'Platform': is not a class or namespace name
c:\users\scorp\documents\sae\pooii\git\projectshooter\projectshooter\platform.cpp(26): error C4430: missing type specifier - int assumed. Note: C++ does not support default-int
c:\users\scorp\documents\sae\pooii\git\projectshooter\projectshooter\platform.cpp(26): error C2146: syntax error: missing ';' before identifier 'getName'
c:\users\scorp\documents\sae\pooii\git\projectshooter\projectshooter\platform.cpp(27): error C2143: syntax error: missing ';' before '{'
c:\users\scorp\documents\sae\pooii\git\projectshooter\projectshooter\platform.cpp(27): error C2447: '{': missing function header (old-style formal list?)
c:\users\scorp\documents\sae\pooii\git\projectshooter\projectshooter\platform.cpp(31): error C2653: 'Platform': is not a class or namespace name
c:\users\scorp\documents\sae\pooii\git\projectshooter\projectshooter\platform.cpp(31): error C2039: 'string': is not a member of 'std'
  c:\users\scorp\documents\sae\pooii\git\projectshooter\projectshooter\predefined c++ types (compiler internal)(257): note: see declaration of 'std'
c:\users\scorp\documents\sae\pooii\git\projectshooter\projectshooter\platform.cpp(31): error C2146: syntax error: missing ')' before identifier 'n'
c:\users\scorp\documents\sae\pooii\git\projectshooter\projectshooter\platform.cpp(32): error C2143: syntax error: missing ';' before '{'
c:\users\scorp\documents\sae\pooii\git\projectshooter\projectshooter\platform.cpp(32): error C2447: '{': missing function header (old-style formal list?)
  PlatformSDL.cpp
c:\users\scorp\documents\sae\pooii\git\projectshooter\projectshooter\platform.h : warning C4821: Unable to determine Unicode encoding type, please save the file with signature (BOM)
c:\users\scorp\documents\sae\pooii\git\projectshooter\projectshooter\platformsdl.h(3): fatal error C1083: Cannot open include file: 'SDL.h': No such file or directory
  ProjectShooter.cpp
c:\users\scorp\documents\sae\pooii\git\projectshooter\projectshooter\platform.h : warning C4821: Unable to determine Unicode encoding type, please save the file with signature (BOM)
c:\users\scorp\documents\sae\pooii\git\projectshooter\projectshooter\platform.h : warning C4821: Unable to determine Unicode encoding type, please save the file with signature (BOM)
c:\users\scorp\documents\sae\pooii\git\projectshooter\projectshooter\platformsdl.h(3): fatal error C1083: Cannot open include file: 'SDL.h': No such file or directory
  State.cpp
  Generating Code...
