c:\users\scorp\documents\sae\pooii\git\projectshooter\projectshooter\debug\vc141.pdb
c:\users\scorp\documents\sae\pooii\git\projectshooter\projectshooter\debug\vc141.idb
c:\users\scorp\documents\sae\pooii\git\projectshooter\projectshooter\debug\state.obj
c:\users\scorp\documents\sae\pooii\git\projectshooter\projectshooter\debug\sprite.obj
c:\users\scorp\documents\sae\pooii\git\projectshooter\projectshooter\debug\sound.obj
c:\users\scorp\documents\sae\pooii\git\projectshooter\projectshooter\debug\platformwin32.obj
c:\users\scorp\documents\sae\pooii\git\projectshooter\projectshooter\debug\platformsdl.obj
c:\users\scorp\documents\sae\pooii\git\projectshooter\projectshooter\debug\platform.obj
c:\users\scorp\documents\sae\pooii\git\projectshooter\projectshooter\debug\model.obj
c:\users\scorp\documents\sae\pooii\git\projectshooter\projectshooter\debug\menustate.obj
c:\users\scorp\documents\sae\pooii\git\projectshooter\projectshooter\debug\log.obj
c:\users\scorp\documents\sae\pooii\git\projectshooter\projectshooter\debug\key.obj
c:\users\scorp\documents\sae\pooii\git\projectshooter\projectshooter\debug\gamestatemanager.obj
c:\users\scorp\documents\sae\pooii\git\projectshooter\projectshooter\debug\gameplaystate.obj
c:\users\scorp\documents\sae\pooii\git\projectshooter\projectshooter\debug\gameobject.obj
c:\users\scorp\documents\sae\pooii\git\projectshooter\projectshooter\debug\projectshooter.obj
c:\users\scorp\documents\sae\pooii\git\projectshooter\projectshooter\debug\projectshooter.pch
c:\users\scorp\documents\sae\pooii\git\projectshooter\projectshooter\debug\pch.obj
c:\users\scorp\documents\sae\pooii\git\projectshooter\projectshooter\debug\resourcemanager.obj
c:\users\scorp\documents\sae\pooii\git\projectshooter\projectshooter\debug\texture.obj
c:\users\scorp\documents\sae\pooii\git\projectshooter\projectshooter\debug\shader.obj
c:\users\scorp\documents\sae\pooii\git\projectshooter\projectshooter\debug\obj_loader.obj
c:\users\scorp\documents\sae\pooii\git\projectshooter\projectshooter\debug\mesh.obj
c:\users\scorp\documents\sae\pooii\git\projectshooter\projectshooter\debug\map.obj
c:\users\scorp\documents\sae\pooii\git\projectshooter\projectshooter\debug\stb_image.obj
c:\users\scorp\documents\sae\pooii\git\projectshooter\debug\projectshooter.exe
c:\users\scorp\documents\sae\pooii\git\projectshooter\debug\projectshooter.ilk
c:\users\scorp\documents\sae\pooii\git\projectshooter\debug\projectshooter.pdb
c:\users\scorp\documents\sae\pooii\git\projectshooter\projectshooter\debug\projectshooter.tlog\cl.command.1.tlog
c:\users\scorp\documents\sae\pooii\git\projectshooter\projectshooter\debug\projectshooter.tlog\cl.read.1.tlog
c:\users\scorp\documents\sae\pooii\git\projectshooter\projectshooter\debug\projectshooter.tlog\cl.write.1.tlog
c:\users\scorp\documents\sae\pooii\git\projectshooter\projectshooter\debug\projectshooter.tlog\link.command.1.tlog
c:\users\scorp\documents\sae\pooii\git\projectshooter\projectshooter\debug\projectshooter.tlog\link.read.1.tlog
c:\users\scorp\documents\sae\pooii\git\projectshooter\projectshooter\debug\projectshooter.tlog\link.write.1.tlog
